RUN	computerdatabase.advanced.AdvancedSimulationStep05	advancedsimulationstep05	1626886065762	test run	3.6.0
USER	Users	START	1626886068095
USER	Admins	START	1626886068096
REQUEST		Home	1626886068119	1626886068774	OK	 
REQUEST		Home	1626886068119	1626886068774	OK	 
USER	Users	START	1626886069091
REQUEST		Home Redirect 1	1626886068782	1626886069096	OK	 
REQUEST		Home Redirect 1	1626886068782	1626886069094	OK	 
REQUEST		Home	1626886069091	1626886069808	OK	 
USER	Users	START	1626886070087
REQUEST		Home Redirect 1	1626886069808	1626886070130	OK	 
REQUEST		Search	1626886070113	1626886070360	OK	 
REQUEST		Search	1626886070113	1626886070356	OK	 
USER	Users	START	1626886071085
REQUEST		Home	1626886070087	1626886071096	OK	 
REQUEST		Home Redirect 1	1626886071097	1626886071323	OK	 
REQUEST		Search	1626886071136	1626886071368	OK	 
REQUEST		Home	1626886071085	1626886071550	OK	 
REQUEST		Select	1626886071421	1626886071654	OK	 
REQUEST		Select	1626886071421	1626886071654	OK	 
REQUEST		Home Redirect 1	1626886071550	1626886071780	OK	 
USER	Users	START	1626886072085
REQUEST		Home	1626886072085	1626886072563	OK	 
REQUEST		Search	1626886072326	1626886072562	OK	 
REQUEST		Select	1626886072378	1626886072606	OK	 
REQUEST		Home Redirect 1	1626886072564	1626886072794	OK	 
REQUEST		Page 0	1626886072663	1626886072890	OK	 
REQUEST		Page 0	1626886072663	1626886072896	OK	 
REQUEST		Search	1626886072786	1626886073017	OK	 
USER	Admins	START	1626886073084
USER	Users	START	1626886073084
REQUEST		Home	1626886073085	1626886073703	OK	 
REQUEST		Home	1626886073085	1626886073709	OK	 
REQUEST		Select	1626886073567	1626886073791	OK	 
REQUEST		Page 0	1626886073609	1626886073840	OK	 
REQUEST		Home Redirect 1	1626886073704	1626886073931	OK	 
REQUEST		Home Redirect 1	1626886073709	1626886073943	OK	 
REQUEST		Search	1626886073797	1626886074026	OK	 
USER	Users	START	1626886074085
REQUEST		Page 1	1626886073899	1626886074128	OK	 
REQUEST		Page 1	1626886073899	1626886074133	OK	 
REQUEST		Select	1626886074026	1626886074254	OK	 
REQUEST		Home	1626886074085	1626886074802	OK	 
REQUEST		Page 0	1626886074793	1626886075027	OK	 
REQUEST		Home Redirect 1	1626886074803	1626886075034	OK	 
REQUEST		Page 1	1626886074846	1626886075074	OK	 
USER	Users	START	1626886075081
REQUEST		Search	1626886074937	1626886075165	OK	 
REQUEST		Search	1626886074945	1626886075178	OK	 
REQUEST		Select	1626886075033	1626886075262	OK	 
REQUEST		Page 2	1626886075130	1626886075357	OK	 
REQUEST		Page 2	1626886075136	1626886075373	OK	 
REQUEST		Page 0	1626886075258	1626886075495	OK	 
REQUEST		Home	1626886075082	1626886075554	OK	 
REQUEST		Home Redirect 1	1626886075555	1626886076039	OK	 
USER	Users	START	1626886076084
REQUEST		Page 1	1626886076030	1626886076260	OK	 
REQUEST		Search	1626886076039	1626886076274	OK	 
REQUEST		Page 2	1626886076077	1626886076306	OK	 
REQUEST		Select	1626886076169	1626886076399	OK	 
REQUEST		Select	1626886076186	1626886076419	OK	 
REQUEST		Page 0	1626886076266	1626886076496	OK	 
REQUEST		Home	1626886076084	1626886076546	OK	 
REQUEST		Page 3	1626886076359	1626886076588	OK	 
REQUEST		Page 3	1626886076378	1626886076611	OK	 
REQUEST		Page 1	1626886076500	1626886076744	OK	 
REQUEST		Home Redirect 1	1626886076547	1626886076794	OK	 
USER	Users	START	1626886077082
REQUEST		Search	1626886077042	1626886077284	OK	 
REQUEST		Page 2	1626886077265	1626886077488	OK	 
REQUEST		Select	1626886077280	1626886077513	OK	 
REQUEST		Home	1626886077083	1626886077534	OK	 
REQUEST		Page 3	1626886077307	1626886077538	OK	 
USER	Users	END	1626886077594
REQUEST		Page 0	1626886077401	1626886077630	OK	 
REQUEST		Page 0	1626886077422	1626886077653	OK	 
REQUEST		Page 1	1626886077501	1626886077733	OK	 
REQUEST		Home Redirect 1	1626886077535	1626886077763	OK	 
REQUEST		Form	1626886077616	1626886077854	OK	 
REQUEST		Page 2	1626886077750	1626886077982	OK	 
REQUEST		Search	1626886077799	1626886078031	OK	 
REQUEST		Select	1626886078292	1626886078531	OK	 
USER	Users	END	1626886078541
REQUEST		Page 3	1626886078492	1626886078720	OK	 
REQUEST		Page 0	1626886078521	1626886078759	OK	 
REQUEST		Page 1	1626886078635	1626886078863	OK	 
REQUEST		Page 1	1626886078656	1626886078890	OK	 
REQUEST		Page 2	1626886078735	1626886078965	OK	 
REQUEST		Search	1626886078768	1626886079004	OK	 
REQUEST		Post	1626886078861	1626886079104	OK	 
REQUEST		Page 3	1626886078986	1626886079215	OK	 
REQUEST		Select	1626886079034	1626886079266	OK	 
REQUEST		Post Redirect 1	1626886079112	1626886079346	OK	 
USER	Admins	END	1626886079349
USER	Users	END	1626886079723
REQUEST		Page 0	1626886079534	1626886079770	OK	 
REQUEST		Page 1	1626886079764	1626886079996	OK	 
REQUEST		Page 2	1626886079868	1626886080099	OK	 
REQUEST		Page 2	1626886079892	1626886080127	OK	 
REQUEST		Page 3	1626886079968	1626886080204	OK	 
USER	Users	END	1626886080219
REQUEST		Select	1626886080006	1626886080234	OK	 
REQUEST		Page 0	1626886080271	1626886080503	OK	 
REQUEST		Page 1	1626886080776	1626886081012	OK	 
USER	Users	END	1626886081206
REQUEST		Page 2	1626886081000	1626886081232	OK	 
REQUEST		Page 3	1626886081101	1626886081329	OK	 
REQUEST		Page 3	1626886081129	1626886081374	OK	 
REQUEST		Page 0	1626886081237	1626886081475	OK	 
REQUEST		Page 1	1626886081507	1626886082026	OK	 
REQUEST		Page 2	1626886082017	1626886082256	OK	 
USER	Users	END	1626886082332
REQUEST		Page 3	1626886082238	1626886082470	OK	 
REQUEST		Form	1626886082379	1626886082624	OK	 
REQUEST		Page 1	1626886082478	1626886082708	OK	 
REQUEST		Page 2	1626886083031	1626886083264	OK	 
USER	Users	END	1626886083476
REQUEST		Page 3	1626886083261	1626886083500	OK	 
REQUEST		Post	1626886083629	1626886083864	OK	 
REQUEST		Page 2	1626886083712	1626886083950	OK	 
REQUEST		Post Redirect 1	1626886083865	1626886084101	KO	status.find.is(201), but actually found 200
REQUEST		Form	1626886084106	1626886084338	OK	 
REQUEST		Page 3	1626886084266	1626886084497	OK	 
USER	Users	END	1626886084504
REQUEST		Page 3	1626886084956	1626886085352	OK	 
USER	Users	END	1626886085500
REQUEST		Post	1626886085343	1626886085582	OK	 
REQUEST		Post Redirect 1	1626886085582	1626886085818	OK	 
USER	Admins	END	1626886085819
USER	Users	END	1626886086357
