RUN	ParaBankAccounts	parabankaccounts	1627218496061	negative test case	3.6.0
USER	ParaBankAccounts	START	1627218498338
REQUEST		LOGIN_REQUEST	1627218498362	1627218499417	OK	 
REQUEST		template.css;jsessionid=0E2EB44618754D75E8F72CD9BAC218F0	1627218499505	1627218500504	OK	 
REQUEST		logo.gif;jsessionid=0E2EB44618754D75E8F72CD9BAC218F0	1627218499506	1627218500546	OK	 
REQUEST		style.css;jsessionid=0E2EB44618754D75E8F72CD9BAC218F0	1627218499505	1627218500560	OK	 
REQUEST		request_1	1627218500522	1627218500568	OK	 
REQUEST		clear.gif;jsessionid=0E2EB44618754D75E8F72CD9BAC218F0	1627218499506	1627218500572	OK	 
REQUEST		request_2	1627218500547	1627218500576	OK	 
REQUEST		LOGO_REQUEST	1627218500561	1627218500578	OK	 
REQUEST		request_5	1627218500572	1627218500588	OK	 
REQUEST		request_4	1627218500570	1627218500593	OK	 
REQUEST		request_6	1627218500576	1627218500596	OK	 
REQUEST		request_7	1627218500578	1627218500599	OK	 
REQUEST		request_8	1627218500589	1627218500608	OK	 
REQUEST		request_9	1627218500595	1627218500610	OK	 
REQUEST		request_10	1627218500596	1627218500619	OK	 
REQUEST		request_11	1627218500599	1627218500620	OK	 
REQUEST		request_13	1627218500611	1627218500625	OK	 
REQUEST		request_12	1627218500608	1627218500631	OK	 
REQUEST		request_14	1627218500619	1627218500636	OK	 
REQUEST		request_16	1627218500626	1627218500653	OK	 
REQUEST		request_17	1627218500631	1627218500654	OK	 
REQUEST		request_15	1627218500620	1627218500655	OK	 
REQUEST		request_18	1627218500636	1627218500655	OK	 
REQUEST		request_21	1627218500655	1627218500672	OK	 
REQUEST		request_19	1627218500653	1627218500677	OK	 
REQUEST		GET_ACCOUNT_REQUEST	1627218500654	1627218500992	KO	status.find.in(200,201,202,203,204,205,206,207,208,209,304), found 401
REQUEST		header-main.jpg;jsessionid=0E2EB44618754D75E8F72CD9BAC218F0	1627218499507	1627218501165	OK	 
REQUEST		angular.min.js;jsessionid=0E2EB44618754D75E8F72CD9BAC218F0	1627218499506	1627218501997	OK	 
REQUEST		request_22	1627218503002	1627218504045	KO	status.find.in(200,201,202,203,204,205,206,207,208,209,304), found 500
REQUEST		request_48	1627218506049	1627218506501	KO	status.find.in(200,201,202,203,204,205,206,207,208,209,304), found 401
REQUEST		request_78	1627218508517	1627218508843	KO	status.find.in(200,201,202,203,204,205,206,207,208,209,304), found 401
REQUEST		request_51	1627218508517	1627218509536	KO	status.find.in(200,201,202,203,204,205,206,207,208,209,304), found 500
USER	ParaBankAccounts	END	1627218509540
