RUN	ParaBankAccount	parabankaccount	1627217240158	test runner	3.6.0
USER	ParaBankAccount	START	1627217242688
REQUEST		LoginRequest	1627217242708	1627217242775	OK	 
REQUEST		request_5	1627217271822	1627217271860	OK	 
REQUEST		request_6	1627217271823	1627217271885	OK	 
REQUEST		request_4	1627217271821	1627217271887	OK	 
REQUEST		LogoRequest	1627217271823	1627217271889	OK	 
REQUEST		request_7	1627217271823	1627217271890	OK	 
REQUEST		request_9	1627217271877	1627217271899	OK	 
REQUEST		request_10	1627217271886	1627217271903	OK	 
REQUEST		request_13	1627217271891	1627217271907	OK	 
REQUEST		request_11	1627217271888	1627217271908	OK	 
REQUEST		request_15	1627217271904	1627217271926	OK	 
REQUEST		request_14	1627217271899	1627217271928	OK	 
REQUEST		request_16	1627217271907	1627217271929	OK	 
REQUEST		request_12	1627217271890	1627217271931	OK	 
REQUEST		request_17	1627217271908	1627217271933	OK	 
REQUEST		request_18	1627217271927	1627217271948	OK	 
REQUEST		request_19	1627217271929	1627217271951	OK	 
REQUEST		request_22	1627217271933	1627217271952	OK	 
REQUEST		request_20	1627217271930	1627217271961	OK	 
REQUEST		request_24	1627217271952	1627217271971	OK	 
REQUEST		request_25	1627217271953	1627217271974	OK	 
REQUEST		request_23	1627217271949	1627217271981	OK	 
REQUEST		request_3	1627217271819	1627217272883	OK	 
REQUEST		GET_ACCOUNT_REQUEST_PARA_BANK	1627217271932	1627217272912	KO	status.find.in(200,201,202,203,204,205,206,207,208,209,304), found 401
REQUEST		CREATE_ACCOUNT_REQUEST	1627217271974	1627217272947	KO	status.find.in(200,201,202,203,204,205,206,207,208,209,304), found 401
REQUEST		request_26	1627217271962	1627217272989	KO	status.find.in(200,201,202,203,204,205,206,207,208,209,304), found 500
REQUEST		request_3	1627217272894	1627217274022	OK	 
REQUEST		request_50	1627217275025	1627217276060	KO	status.find.in(200,201,202,203,204,205,206,207,208,209,304), found 401
REQUEST		request_51	1627217279066	1627217280096	OK	 
REQUEST		style.css	1627217280161	1627217280180	OK	 
REQUEST		logo.gif	1627217280162	1627217280206	OK	 
REQUEST		template.css	1627217280161	1627217280210	OK	 
REQUEST		clear.gif	1627217280162	1627217280211	OK	 
REQUEST		request_52	1627217280181	1627217280215	OK	 
REQUEST		header-main.jpg	1627217280162	1627217280218	OK	 
REQUEST		angular.min.js	1627217280161	1627217280226	OK	 
REQUEST		request_54	1627217280208	1627217280231	OK	 
REQUEST		request_57	1627217280212	1627217280241	OK	 
REQUEST		request_55	1627217280210	1627217280242	OK	 
REQUEST		request_58	1627217280216	1627217280244	OK	 
REQUEST		request_59	1627217280219	1627217280256	OK	 
REQUEST		request_60	1627217280227	1627217280257	OK	 
REQUEST		request_63	1627217280243	1627217280259	OK	 
REQUEST		request_62	1627217280242	1627217280260	OK	 
REQUEST		request_61	1627217280232	1627217280261	OK	 
REQUEST		request_64	1627217280244	1627217280262	OK	 
REQUEST		request_66	1627217280258	1627217280274	OK	 
REQUEST		request_65	1627217280257	1627217280276	OK	 
REQUEST		request_68	1627217280261	1627217280277	OK	 
REQUEST		request_67	1627217280260	1627217280277	OK	 
REQUEST		request_69	1627217280261	1627217280278	OK	 
REQUEST		request_70	1627217280262	1627217280279	OK	 
REQUEST		request_71	1627217280275	1627217280292	OK	 
REQUEST		request_76	1627217280280	1627217280298	OK	 
REQUEST		request_75	1627217280279	1627217280299	OK	 
REQUEST		request_74	1627217280278	1627217280300	OK	 
REQUEST		request_72	1627217280276	1627217280301	OK	 
REQUEST		request_77	1627217280293	1627217280312	OK	 
REQUEST		request_79	1627217280300	1627217280314	OK	 
REQUEST		request_80	1627217280301	1627217280324	OK	 
REQUEST		request_81	1627217280302	1627217280325	OK	 
REQUEST		request_78	1627217280298	1627217280328	OK	 
REQUEST		request_83	1627217280314	1627217280345	OK	 
REQUEST		request_73	1627217280277	1627217280666	KO	status.find.in(200,201,202,203,204,205,206,207,208,209,304), found 401
REQUEST		request_82	1627217280313	1627217281383	KO	status.find.in(200,201,202,203,204,205,206,207,208,209,304), found 401
USER	ParaBankAccount	END	1627217281386
