RUN	RecordedSimulation	recordedsimulation	1627221210628	automation practise	3.6.0
USER	AutomationEcommerceRecordedSimulation	START	1627221212643
REQUEST		LOGIN_REQUEST	1627221212668	1627221213471	OK	 
REQUEST		LOGIN_REQUEST Redirect 1	1627221213487	1627221214766	OK	 
REQUEST		css?family=Open+Sans:300,600&subset=latin,latin-ext	1627221214861	1627221215013	OK	 
REQUEST		favicon.ico?1461205423	1627221214859	1627221215086	OK	 
REQUEST		my-account.css	1627221215087	1627221215311	OK	 
REQUEST		highdpi.css	1627221214860	1627221215338	OK	 
REQUEST		responsive-tables.css	1627221214860	1627221215340	OK	 
REQUEST		uniform.default.css	1627221214861	1627221215359	OK	 
REQUEST		jquery.fancybox.css	1627221214861	1627221215362	OK	 
REQUEST		global.css	1627221214860	1627221215375	OK	 
REQUEST		blockbanner.css	1627221215314	1627221215539	OK	 
REQUEST		blockcart.css	1627221215339	1627221215561	OK	 
REQUEST		blockcategories.css	1627221215341	1627221215564	OK	 
REQUEST		blocknewsletter.css	1627221215540	1627221215766	OK	 
REQUEST		product_list.css	1627221215564	1627221215792	OK	 
REQUEST		blockcurrencies.css	1627221215361	1627221215812	OK	 
REQUEST		blocklanguages.css	1627221215363	1627221215816	OK	 
REQUEST		blockcontact.css	1627221215382	1627221215821	OK	 
REQUEST		blocksearch.css	1627221215768	1627221215996	OK	 
REQUEST		jquery.autocomplete.css	1627221215562	1627221216003	OK	 
REQUEST		blockuserinfo.css	1627221215813	1627221216038	OK	 
REQUEST		blockviewed.css	1627221215817	1627221216040	OK	 
REQUEST		hooks.css	1627221215822	1627221216043	OK	 
REQUEST		blockwishlist.css	1627221215998	1627221216227	OK	 
REQUEST		productcomments.css	1627221216004	1627221216230	OK	 
REQUEST		blocktags.css	1627221215793	1627221216246	OK	 
REQUEST		blocktopmenu.css	1627221216040	1627221216264	OK	 
REQUEST		superfish-modified.css	1627221216041	1627221216270	OK	 
REQUEST		jquery-1.11.0.min.js	1627221216044	1627221216288	OK	 
REQUEST		tools.js	1627221216247	1627221216478	OK	 
REQUEST		global.js	1627221216265	1627221216497	OK	 
REQUEST		jquery.easing.js	1627221216231	1627221216665	OK	 
REQUEST		jquery-migrate-1.2.1.min.js	1627221216229	1627221216672	OK	 
REQUEST		10-bootstrap.min.js	1627221216272	1627221216725	OK	 
REQUEST		15-jquery.total-storage.min.js	1627221216288	1627221216726	OK	 
REQUEST		15-jquery.uniform-modified.js	1627221216479	1627221216931	OK	 
REQUEST		jquery.serialScroll.js	1627221216727	1627221216950	OK	 
REQUEST		jquery.fancybox.js	1627221216497	1627221216953	OK	 
REQUEST		ajax-cart.js	1627221216672	1627221217119	OK	 
REQUEST		products-comparison.js	1627221216666	1627221217120	OK	 
REQUEST		jquery.scrollTo.js	1627221216725	1627221217171	OK	 
REQUEST		treeManagement.js	1627221216950	1627221217172	OK	 
REQUEST		jquery.bxslider.js	1627221216932	1627221217381	OK	 
REQUEST		ajax-wishlist.js	1627221217171	1627221217398	OK	 
REQUEST		hoverIntent.js	1627221217172	1627221217400	OK	 
REQUEST		blocknewsletter.js	1627221216954	1627221217403	OK	 
REQUEST		blocksearch.js	1627221217120	1627221217573	OK	 
REQUEST		jquery.autocomplete.js	1627221217119	1627221217574	OK	 
REQUEST		logo.jpg	1627221217404	1627221217633	OK	 
REQUEST		3-0_thumb.jpg	1627221217574	1627221217801	OK	 
REQUEST		superfish-modified.js	1627221217382	1627221217826	OK	 
REQUEST		sale70.png	1627221217401	1627221217834	OK	 
REQUEST		blocktopmenu.js	1627221217399	1627221217847	OK	 
REQUEST		3-1_thumb.jpg	1627221217575	1627221218017	OK	 
REQUEST		SEARCH_REQUEST	1627221222024	1627221224230	OK	 
REQUEST		request_2	1627221225233	1627221227762	OK	 
REQUEST		jquery.fancybox.css	1627221227809	1627221228034	OK	 
REQUEST		responsive-tables.css	1627221227808	1627221228241	OK	 
REQUEST		favicon.ico?1461205423	1627221227807	1627221228251	OK	 
REQUEST		global.css	1627221227807	1627221228252	OK	 
REQUEST		highdpi.css	1627221227808	1627221228253	OK	 
REQUEST		20-small_default.jpg	1627221228039	1627221228263	OK	 
REQUEST		uniform.default.css	1627221227808	1627221228268	OK	 
REQUEST		1-small_default.jpg	1627221228242	1627221228460	OK	 
REQUEST		7-small_default.jpg	1627221228251	1627221228472	OK	 
REQUEST		12-small_default.jpg	1627221228252	1627221228473	OK	 
REQUEST		8-small_default.jpg	1627221228253	1627221228477	OK	 
REQUEST		16-small_default.jpg	1627221228264	1627221228487	OK	 
REQUEST		10-small_default.jpg	1627221228269	1627221228495	OK	 
REQUEST		store.jpg	1627221228460	1627221228680	OK	 
REQUEST		12-home_default.jpg	1627221228473	1627221228699	OK	 
REQUEST		10-home_default.jpg	1627221228474	1627221228701	OK	 
REQUEST		16-home_default.jpg	1627221228477	1627221228704	OK	 
REQUEST		20-home_default.jpg	1627221228488	1627221228712	OK	 
REQUEST		8-home_default.jpg	1627221228495	1627221228721	OK	 
REQUEST		1-home_default.jpg	1627221228681	1627221229121	OK	 
REQUEST		7-home_default.jpg	1627221228700	1627221229135	OK	 
REQUEST		request_4	1627221228704	1627221229136	OK	 
REQUEST		request_3	1627221228701	1627221229145	OK	 
REQUEST		request_5	1627221228712	1627221229155	OK	 
REQUEST		request_6	1627221228722	1627221229160	OK	 
REQUEST		request_8	1627221229136	1627221229353	OK	 
REQUEST		request_9	1627221229138	1627221229354	OK	 
REQUEST		request_10	1627221229145	1627221229368	OK	 
REQUEST		request_11	1627221229155	1627221229380	OK	 
REQUEST		request_12	1627221229161	1627221229381	OK	 
REQUEST		request_7	1627221229122	1627221229562	OK	 
REQUEST		request_14	1627221229354	1627221229571	OK	 
REQUEST		request_13	1627221229354	1627221229572	OK	 
REQUEST		request_15	1627221229369	1627221229590	OK	 
REQUEST		request_17	1627221229382	1627221229602	OK	 
REQUEST		request_16	1627221229381	1627221229603	OK	 
REQUEST		request_18	1627221229563	1627221229788	OK	 
REQUEST		request_20	1627221229572	1627221229791	OK	 
REQUEST		ADD_TO_CART_REQUEST	1627221229571	1627221230345	OK	 
REQUEST		LOGOUT_REQUEST	1627221231349	1627221232483	OK	 
REQUEST		responsive-tables.css	1627221232500	1627221232717	OK	 
REQUEST		uniform.default.css	1627221232500	1627221232718	OK	 
REQUEST		highdpi.css	1627221232500	1627221232721	OK	 
REQUEST		jquery.fancybox.css	1627221232501	1627221232722	OK	 
REQUEST		addresses.css	1627221232718	1627221232936	OK	 
REQUEST		jquery.typewatch.js	1627221232720	1627221232937	OK	 
REQUEST		cart-summary.js	1627221232721	1627221232955	OK	 
REQUEST		favicon.ico?1461205423	1627221232500	1627221233045	OK	 
REQUEST		global.css	1627221232500	1627221233047	OK	 
USER	AutomationEcommerceRecordedSimulation	END	1627221233050
