RUN	ParaBankAccount	parabankaccount	1627217636715	test account creation	3.6.0
USER	ParaBankAccount	START	1627217638402
REQUEST		LoginRequest	1627217638418	1627217638464	OK	 
REQUEST		LogoRequest	1627217667507	1627217667562	OK	 
REQUEST		request_7	1627217667506	1627217667564	OK	 
REQUEST		request_4	1627217667505	1627217667568	OK	 
REQUEST		request_6	1627217667506	1627217667588	OK	 
REQUEST		request_5	1627217667506	1627217667589	OK	 
REQUEST		request_9	1627217667563	1627217667590	OK	 
REQUEST		request_10	1627217667564	1627217667598	OK	 
REQUEST		request_13	1627217667590	1627217667609	OK	 
REQUEST		request_11	1627217667585	1627217667610	OK	 
REQUEST		request_12	1627217667588	1627217667611	OK	 
REQUEST		request_14	1627217667591	1627217667613	OK	 
REQUEST		request_15	1627217667599	1627217667617	OK	 
REQUEST		request_16	1627217667609	1627217667627	OK	 
REQUEST		request_17	1627217667611	1627217667629	OK	 
REQUEST		request_18	1627217667612	1627217667630	OK	 
REQUEST		request_19	1627217667613	1627217667632	OK	 
REQUEST		request_20	1627217667617	1627217667637	OK	 
REQUEST		request_24	1627217667632	1627217667649	OK	 
REQUEST		request_22	1627217667630	1627217667653	OK	 
REQUEST		request_23	1627217667631	1627217667656	OK	 
REQUEST		request_25	1627217667638	1627217667663	OK	 
REQUEST		request_3	1627217667503	1627217668477	OK	 
REQUEST		GET_ACCOUNT_REQUEST_PARA_BANK	1627217667628	1627217668623	KO	status.find.in(200,201,202,203,204,205,206,207,208,209,304), found 401
REQUEST		request_26	1627217667650	1627217668652	KO	status.find.in(200,201,202,203,204,205,206,207,208,209,304), found 500
REQUEST		CREATE_ACCOUNT_REQUEST	1627217667655	1627217668656	KO	status.find.in(200,201,202,203,204,205,206,207,208,209,304), found 401
REQUEST		request_3	1627217668487	1627217669505	OK	 
REQUEST		request_50	1627217670511	1627217671529	KO	status.find.in(200,201,202,203,204,205,206,207,208,209,304), found 401
REQUEST		request_51	1627217674536	1627217675626	OK	 
REQUEST		logo.gif	1627217675689	1627217675705	OK	 
REQUEST		clear.gif	1627217675689	1627217675707	OK	 
REQUEST		style.css	1627217675688	1627217675723	OK	 
REQUEST		header-main.jpg	1627217675689	1627217675727	OK	 
REQUEST		template.css	1627217675688	1627217675730	OK	 
REQUEST		request_52	1627217675705	1627217675734	OK	 
REQUEST		request_53	1627217675707	1627217675738	OK	 
REQUEST		angular.min.js	1627217675688	1627217675740	OK	 
REQUEST		request_57	1627217675729	1627217675748	OK	 
REQUEST		request_58	1627217675730	1627217675749	OK	 
REQUEST		request_60	1627217675739	1627217675759	OK	 
REQUEST		request_61	1627217675740	1627217675770	OK	 
REQUEST		request_59	1627217675735	1627217675776	OK	 
REQUEST		request_62	1627217675748	1627217675777	OK	 
REQUEST		request_54	1627217675724	1627217675778	OK	 
REQUEST		request_64	1627217675759	1627217675778	OK	 
REQUEST		request_63	1627217675749	1627217675786	OK	 
REQUEST		request_66	1627217675776	1627217675793	OK	 
REQUEST		request_70	1627217675786	1627217675802	OK	 
REQUEST		request_68	1627217675778	1627217675806	OK	 
REQUEST		request_69	1627217675779	1627217675808	OK	 
REQUEST		request_65	1627217675771	1627217675809	OK	 
REQUEST		request_67	1627217675777	1627217675810	OK	 
REQUEST		request_71	1627217675794	1627217675811	OK	 
REQUEST		request_72	1627217675803	1627217675818	OK	 
REQUEST		request_74	1627217675808	1627217675826	OK	 
REQUEST		request_76	1627217675810	1627217675827	OK	 
REQUEST		request_75	1627217675809	1627217675830	OK	 
REQUEST		request_78	1627217675819	1627217675841	OK	 
REQUEST		request_79	1627217675826	1627217675843	OK	 
REQUEST		request_77	1627217675811	1627217675848	OK	 
REQUEST		request_81	1627217675831	1627217675850	OK	 
REQUEST		request_80	1627217675828	1627217675851	OK	 
REQUEST		request_83	1627217675843	1627217675861	OK	 
REQUEST		request_73	1627217675807	1627217676857	KO	status.find.in(200,201,202,203,204,205,206,207,208,209,304), found 401
REQUEST		request_82	1627217675842	1627217676858	KO	status.find.in(200,201,202,203,204,205,206,207,208,209,304), found 401
USER	ParaBankAccount	END	1627217676862
